-Xajruntimetarget:1.5
-16
-encoding
UTF-8
-source
16
-target
16
-classpath
C:\Users\Alexander\.m2\repository\org\aspectj\aspectjrt\1.9.7\aspectjrt-1.9.7.jar;C:\Users\Alexander\.m2\repository\org\aspectj\aspectjweaver\1.9.7\aspectjweaver-1.9.7.jar;C:\Users\Alexander\.m2\repository\org\slf4j\slf4j-api\1.7.32\slf4j-api-1.7.32.jar;C:\Users\Alexander\.m2\repository\ch\qos\logback\logback-classic\1.2.10\logback-classic-1.2.10.jar;C:\Users\Alexander\.m2\repository\ch\qos\logback\logback-core\1.2.10\logback-core-1.2.10.jar;D:\!SFU\CISE\#1\transport\target\classes
-aspectpath
C:\Users\Alexander\.m2\repository\org\aspectj\aspectjweaver\1.9.7\aspectjweaver-1.9.7.jar
-d
D:\!SFU\CISE\#1\transport\target\classes
-s
D:\!SFU\CISE\#1\transport\target\generated-sources\aspectj-maven-plugin
D:\!SFU\CISE\#1\transport\src\main\java\org\example\Car.java
D:\!SFU\CISE\#1\transport\src\main\java\org\example\Logging.java
D:\!SFU\CISE\#1\transport\src\main\java\org\example\Main.java
D:\!SFU\CISE\#1\transport\src\main\java\org\example\Plane.java
D:\!SFU\CISE\#1\transport\src\main\java\org\example\Ship.java
D:\!SFU\CISE\#1\transport\src\main\java\org\example\Transport.java
